<?xml version="1.0" encoding="UTF-8"?>
<!-- Generated by org.testng.reporters.JUnitReportReporter -->
<testsuite skipped="0" hostname="DESKTOP-S2RUCVN" name="com.sgtesng.dataprovider.TestNgAssignment4" tests="8" failures="0" timestamp="2021-09-17T00:12:45 IST" time="40.391" errors="0">
  <testcase name="launchBrowser" time="2.227" classname="com.sgtesng.dataprovider.TestNgAssignment4"/>
  <system-out/>
  <testcase name="navigate" time="8.112" classname="com.sgtesng.dataprovider.TestNgAssignment4"/>
  <system-out/>
  <testcase name="login" time="6.508" classname="com.sgtesng.dataprovider.TestNgAssignment4"/>
  <system-out/>
  <testcase name="createCustomer" time="16.192" classname="com.sgtesng.dataprovider.TestNgAssignment4"/>
  <system-out/>
  <testcase name="modifyCustomer" time="2.373" classname="com.sgtesng.dataprovider.TestNgAssignment4"/>
  <system-out/>
  <testcase name="deleteCustomer" time="2.132" classname="com.sgtesng.dataprovider.TestNgAssignment4"/>
  <system-out/>
  <testcase name="logout" time="2.343" classname="com.sgtesng.dataprovider.TestNgAssignment4"/>
  <system-out/>
  <testcase name="closeApplication" time="0.504" classname="com.sgtesng.dataprovider.TestNgAssignment4"/>
  <system-out/>
</testsuite> <!-- com.sgtesng.dataprovider.TestNgAssignment4 -->
