<?xml version="1.0" encoding="UTF-8"?>
<!-- Generated by org.testng.reporters.JUnitReportReporter -->
<testsuite skipped="0" hostname="DESKTOP-S2RUCVN" name="com.sgtesng.dataprovider.LoginLogoutDemo" tests="6" failures="0" timestamp="2021-09-16T19:40:16 IST" time="76.373" errors="0">
  <testcase name="launchBrowser" time="21.763" classname="com.sgtesng.dataprovider.LoginLogoutDemo"/>
  <system-out/>
  <testcase name="navigate" time="14.406" classname="com.sgtesng.dataprovider.LoginLogoutDemo"/>
  <system-out/>
  <testcase name="login" time="9.972" classname="com.sgtesng.dataprovider.LoginLogoutDemo"/>
  <system-out/>
  <testcase name="login" time="10.424" classname="com.sgtesng.dataprovider.LoginLogoutDemo"/>
  <system-out/>
  <testcase name="login" time="16.272" classname="com.sgtesng.dataprovider.LoginLogoutDemo"/>
  <system-out/>
  <testcase name="closeApplication" time="3.536" classname="com.sgtesng.dataprovider.LoginLogoutDemo"/>
  <system-out/>
</testsuite> <!-- com.sgtesng.dataprovider.LoginLogoutDemo -->
