<?xml version="1.0" encoding="UTF-8"?>
<!-- Generated by org.testng.reporters.JUnitReportReporter -->
<testsuite skipped="0" hostname="DESKTOP-S2RUCVN" name="com.sgtesng.dataprovider.TestNgAssignment5" tests="9" failures="0" timestamp="2021-09-17T00:12:45 IST" time="36.801" errors="0">
  <testcase name="launchBrowser" time="2.120" classname="com.sgtesng.dataprovider.TestNgAssignment5"/>
  <system-out/>
  <testcase name="navigate" time="7.718" classname="com.sgtesng.dataprovider.TestNgAssignment5"/>
  <system-out/>
  <testcase name="login" time="6.423" classname="com.sgtesng.dataprovider.TestNgAssignment5"/>
  <system-out/>
  <testcase name="createCustomer" time="16.268" classname="com.sgtesng.dataprovider.TestNgAssignment5"/>
  <system-out/>
  <testcase name="createProject" time="1.113" classname="com.sgtesng.dataprovider.TestNgAssignment5"/>
  <system-out/>
  <testcase name="deleteProject" time="0.027" classname="com.sgtesng.dataprovider.TestNgAssignment5"/>
  <system-out/>
  <testcase name="deleteCustomer" time="1.138" classname="com.sgtesng.dataprovider.TestNgAssignment5"/>
  <system-out/>
  <testcase name="logout" time="1.138" classname="com.sgtesng.dataprovider.TestNgAssignment5"/>
  <system-out/>
  <testcase name="closeApplication" time="0.856" classname="com.sgtesng.dataprovider.TestNgAssignment5"/>
  <system-out/>
</testsuite> <!-- com.sgtesng.dataprovider.TestNgAssignment5 -->
