<?xml version="1.0" encoding="UTF-8"?>
<!-- Generated by org.testng.reporters.JUnitReportReporter -->
<testsuite skipped="0" hostname="DESKTOP-S2RUCVN" name="com.sgtesng.dataprovider.TestNgAssignment2" tests="8" failures="0" timestamp="2021-09-17T00:12:45 IST" time="64.539" errors="0">
  <testcase name="launchBrowser" time="2.723" classname="com.sgtesng.dataprovider.TestNgAssignment2"/>
  <system-out/>
  <testcase name="navigate" time="8.172" classname="com.sgtesng.dataprovider.TestNgAssignment2"/>
  <system-out/>
  <testcase name="login" time="9.746" classname="com.sgtesng.dataprovider.TestNgAssignment2"/>
  <system-out/>
  <testcase name="createUser" time="11.617" classname="com.sgtesng.dataprovider.TestNgAssignment2"/>
  <system-out/>
  <testcase name="modifyUser" time="17.629" classname="com.sgtesng.dataprovider.TestNgAssignment2"/>
  <system-out/>
  <testcase name="deleteUser" time="8.216" classname="com.sgtesng.dataprovider.TestNgAssignment2"/>
  <system-out/>
  <testcase name="logout" time="2.568" classname="com.sgtesng.dataprovider.TestNgAssignment2"/>
  <system-out/>
  <testcase name="closeApplication" time="3.868" classname="com.sgtesng.dataprovider.TestNgAssignment2"/>
  <system-out/>
</testsuite> <!-- com.sgtesng.dataprovider.TestNgAssignment2 -->
