<?xml version="1.0" encoding="UTF-8"?>
<!-- Generated by org.testng.reporters.JUnitReportReporter -->
<testsuite skipped="0" hostname="DESKTOP-S2RUCVN" name="com.sgtesng.dataprovider.TestNgAssignment1" tests="7" failures="0" timestamp="2021-09-17T09:30:54 IST" time="95.671" errors="0">
  <testcase name="launchBrowser" time="25.888" classname="com.sgtesng.dataprovider.TestNgAssignment1"/>
  <system-out/>
  <testcase name="navigate" time="20.460" classname="com.sgtesng.dataprovider.TestNgAssignment1"/>
  <system-out/>
  <testcase name="login" time="18.330" classname="com.sgtesng.dataprovider.TestNgAssignment1"/>
  <system-out/>
  <testcase name="createUser" time="19.529" classname="com.sgtesng.dataprovider.TestNgAssignment1"/>
  <system-out/>
  <testcase name="deleteUser" time="6.384" classname="com.sgtesng.dataprovider.TestNgAssignment1"/>
  <system-out/>
  <testcase name="logout" time="1.936" classname="com.sgtesng.dataprovider.TestNgAssignment1"/>
  <system-out/>
  <testcase name="closeApplication" time="3.144" classname="com.sgtesng.dataprovider.TestNgAssignment1"/>
  <system-out/>
</testsuite> <!-- com.sgtesng.dataprovider.TestNgAssignment1 -->
