<?xml version="1.0" encoding="UTF-8"?>
<!-- Generated by org.testng.reporters.JUnitReportReporter -->
<testsuite skipped="0" hostname="DESKTOP-S2RUCVN" name="com.sgtesng.dataprovider.TestNgAssignment3" tests="7" failures="0" timestamp="2021-09-17T00:12:45 IST" time="52.793" errors="0">
  <testcase name="launchBrowser" time="9.162" classname="com.sgtesng.dataprovider.TestNgAssignment3"/>
  <system-out/>
  <testcase name="navigate" time="10.022" classname="com.sgtesng.dataprovider.TestNgAssignment3"/>
  <system-out/>
  <testcase name="login" time="6.421" classname="com.sgtesng.dataprovider.TestNgAssignment3"/>
  <system-out/>
  <testcase name="createCustomer" time="17.045" classname="com.sgtesng.dataprovider.TestNgAssignment3"/>
  <system-out/>
  <testcase name="deleteCustomer" time="6.387" classname="com.sgtesng.dataprovider.TestNgAssignment3"/>
  <system-out/>
  <testcase name="logout" time="2.567" classname="com.sgtesng.dataprovider.TestNgAssignment3"/>
  <system-out/>
  <testcase name="closeApplication" time="1.189" classname="com.sgtesng.dataprovider.TestNgAssignment3"/>
  <system-out/>
</testsuite> <!-- com.sgtesng.dataprovider.TestNgAssignment3 -->
