<?xml version="1.0" encoding="UTF-8"?>
<!-- Generated by org.testng.reporters.JUnitReportReporter -->
<testsuite skipped="0" hostname="DESKTOP-S2RUCVN" name="com.sgtesting.assignments.TestNGAssignment2" tests="6" failures="0" timestamp="2021-09-16T20:15:02 IST" time="54.462" errors="0">
  <testcase name="launchBrowser" time="7.137" classname="com.sgtesting.assignments.TestNGAssignment2"/>
  <system-out/>
  <testcase name="navigate" time="18.238" classname="com.sgtesting.assignments.TestNGAssignment2"/>
  <system-out/>
  <testcase name="login" time="8.713" classname="com.sgtesting.assignments.TestNGAssignment2"/>
  <system-out/>
  <testcase name="login" time="8.688" classname="com.sgtesting.assignments.TestNGAssignment2"/>
  <system-out/>
  <testcase name="login" time="9.029" classname="com.sgtesting.assignments.TestNGAssignment2"/>
  <system-out/>
  <testcase name="closeApplication" time="2.657" classname="com.sgtesting.assignments.TestNGAssignment2"/>
  <system-out/>
</testsuite> <!-- com.sgtesting.assignments.TestNGAssignment2 -->
